Using pre-set license
Built from '2020.3/staging' branch; Version is '2020.3.23f1 (c5d91304a876) revision 12966163'; Using compiler version '192528614'; Build Type 'Release'
OS: 'Windows 10 Home Single Language; OS build 19045.4046; Version 2009; 64bit' Language: 'ru' Physical Memory: 32571 MB
BatchMode: 1, IsHumanControllingUs: 0, StartBugReporterOnCrash: 0, Is64bit: 1, IsPro: 0

COMMAND LINE ARGUMENTS:
B:\Program Files\Unity\Hub\Editor\2020.3.23f1\Editor\Unity.exe
-adb2
-batchMode
-noUpm
-name
AssetImportWorker0
-projectPath
B:/dev/Unity/Examples/UTanks/UTanks-Online
-logFile
Logs/AssetImportWorker0.log
-srvPort
3607
Successfully changed project path to: B:/dev/Unity/Examples/UTanks/UTanks-Online
B:/dev/Unity/Examples/UTanks/UTanks-Online
Using Asset Import Pipeline V2.
Refreshing native plugins compatible for Editor in 403.35 ms, found 2 plugins.
Preloading 0 native plugins for Editor in 0.00 ms.
Initialize engine version: 2020.3.23f1 (c5d91304a876)
[Subsystems] Discovering subsystems at path B:/Program Files/Unity/Hub/Editor/2020.3.23f1/Editor/Data/Resources/UnitySubsystems
[Subsystems] Discovering subsystems at path B:/dev/Unity/Examples/UTanks/UTanks-Online/Assets
GfxDevice: creating device client; threaded=0
Direct3D:
    Version:  Direct3D 11.0 [level 11.1]
    Renderer: Intel(R) UHD Graphics (ID=0x9bc4)
    Vendor:   
    VRAM:     16285 MB
    Driver:   27.20.100.8190
Initialize mono
Mono path[0] = 'B:/Program Files/Unity/Hub/Editor/2020.3.23f1/Editor/Data/Managed'
Mono path[1] = 'B:/Program Files/Unity/Hub/Editor/2020.3.23f1/Editor/Data/MonoBleedingEdge/lib/mono/unityjit'
Mono config path = 'B:/Program Files/Unity/Hub/Editor/2020.3.23f1/Editor/Data/MonoBleedingEdge/etc'
Using monoOptions --debugger-agent=transport=dt_socket,embedding=1,server=y,suspend=n,address=127.0.0.1:56644
Begin MonoManager ReloadAssembly
Registering precompiled unity dll's ...
Register platform support module: B:/Program Files/Unity/Hub/Editor/2020.3.23f1/Editor/Data/PlaybackEngines/WebGLSupport/UnityEditor.WebGL.Extensions.dll
Register platform support module: B:/Program Files/Unity/Hub/Editor/2020.3.23f1/Editor/Data/PlaybackEngines/WindowsStandaloneSupport/UnityEditor.WindowsStandalone.Extensions.dll
Register platform support module: B:/Program Files/Unity/Hub/Editor/2020.3.23f1/Editor/Data/PlaybackEngines/LinuxStandaloneSupport/UnityEditor.LinuxStandalone.Extensions.dll
Registered in 0.002260 seconds.
Native extension for LinuxStandalone target not found
Native extension for WindowsStandalone target not found
Native extension for WebGL target not found
Refreshing native plugins compatible for Editor in 422.81 ms, found 2 plugins.
Preloading 0 native plugins for Editor in 0.00 ms.
Mono: successfully reloaded assembly
- Completed reload, in  1.383 seconds
Domain Reload Profiling:
	ReloadAssembly (1384ms)
		BeginReloadAssembly (89ms)
			ExecutionOrderSort (0ms)
			DisableScriptedObjects (0ms)
			BackupInstance (0ms)
			ReleaseScriptingObjects (0ms)
			CreateAndSetChildDomain (1ms)
		EndReloadAssembly (1180ms)
			LoadAssemblies (88ms)
			RebuildTransferFunctionScriptingTraits (0ms)
			SetupTypeCache (246ms)
			ReleaseScriptCaches (0ms)
			RebuildScriptCaches (63ms)
			SetupLoadedEditorAssemblies (677ms)
				LogAssemblyErrors (0ms)
				InitializePlatformSupportModulesInManaged (11ms)
				SetLoadedEditorAssemblies (0ms)
				RefreshPlugins (423ms)
				BeforeProcessingInitializeOnLoad (23ms)
				ProcessInitializeOnLoadAttributes (167ms)
				ProcessInitializeOnLoadMethodAttributes (53ms)
				AfterProcessingInitializeOnLoad (0ms)
				EditorAssembliesLoaded (0ms)
			ExecutionOrderSort2 (0ms)
			AwakeInstancesAfterBackupRestoration (0ms)
Platform modules already initialized, skipping
Registering precompiled user dll's ...
Registered in 0.008405 seconds.
Begin MonoManager ReloadAssembly
Native extension for LinuxStandalone target not found
Native extension for WindowsStandalone target not found
Native extension for WebGL target not found
Refreshing native plugins compatible for Editor in 429.27 ms, found 2 plugins.
Preloading 0 native plugins for Editor in 0.00 ms.
Mono: successfully reloaded assembly
- Completed reload, in  3.867 seconds
Domain Reload Profiling:
	ReloadAssembly (3869ms)
		BeginReloadAssembly (257ms)
			ExecutionOrderSort (0ms)
			DisableScriptedObjects (8ms)
			BackupInstance (0ms)
			ReleaseScriptingObjects (0ms)
			CreateAndSetChildDomain (28ms)
		EndReloadAssembly (3504ms)
			LoadAssemblies (150ms)
			RebuildTransferFunctionScriptingTraits (0ms)
			SetupTypeCache (573ms)
			ReleaseScriptCaches (1ms)
			RebuildScriptCaches (103ms)
			SetupLoadedEditorAssemblies (2442ms)
				LogAssemblyErrors (0ms)
				InitializePlatformSupportModulesInManaged (10ms)
				SetLoadedEditorAssemblies (0ms)
				RefreshPlugins (430ms)
				BeforeProcessingInitializeOnLoad (221ms)
				ProcessInitializeOnLoadAttributes (1763ms)
				ProcessInitializeOnLoadMethodAttributes (14ms)
				AfterProcessingInitializeOnLoad (4ms)
				EditorAssembliesLoaded (0ms)
			ExecutionOrderSort2 (0ms)
			AwakeInstancesAfterBackupRestoration (12ms)
Platform modules already initialized, skipping
========================================================================
Worker process is ready to serve import requests
Launched and connected shader compiler UnityShaderCompiler.exe after 0.08 seconds
Refreshing native plugins compatible for Editor in 4.45 ms, found 2 plugins.
Preloading 0 native plugins for Editor in 0.00 ms.
Unloading 2668 Unused Serialized files (Serialized files now loaded: 0)
System memory in use before: 168.6 MB.
System memory in use after: 168.8 MB.

Unloading 21 unused Assets to reduce memory usage. Loaded Objects now: 3106.
Total: 4.838700 ms (FindLiveObjects: 0.382300 ms CreateObjectMapping: 0.219200 ms MarkObjects: 4.120900 ms  DeleteObjects: 0.114800 ms)

AssetImportParameters requested are different than current active one (requested -> active):
  custom:framework-win-MediaFoundation: 216162199b28c13a410421893ffa2e32 -> 
  custom:video-decoder-ogg-theora: a1e56fd34408186e4bbccfd4996cb3dc -> 
  custom:container-muxer-webm: aa71ff27fc2769a1b78a27578f13a17b -> 
  custom:container-demuxer-webm: 4f35f7cbe854078d1ac9338744f61a02 -> 
  custom:container-demuxer-ogg: 62fdf1f143b41e24485cea50d1cbac27 -> 
  custom:video-encoder-webm-vp8: eb34c28f22e8b96e1ab97ce403110664 -> 
  custom:video-decoder-webm-vp8: 9c59270c3fd7afecdb556c50c9e8de78 -> 
  custom:audio-decoder-ogg-vorbis: bf7c407c2cedff20999df2af8eb42d56 -> 
  custom:audio-encoder-webm-vorbis: bf7c407c2cedff20999df2af8eb42d56 -> 
========================================================================
Received Import Request.
  path: Assets/GameData_deprecated/Battle/Test/testParticle.unity
  artifactKey: Guid(88a7e07d8f503dd4cb58292c535f8387) Importer(815301076,1909f56bfc062723c751e8b465ee728b)
Start importing Assets/GameData_deprecated/Battle/Test/testParticle.unity using Guid(88a7e07d8f503dd4cb58292c535f8387) Importer(815301076,1909f56bfc062723c751e8b465ee728b)  -> (artifact id: 'd2c07a013e9c750d1127f8ac8d5975c7') in 0.026735 seconds 
  Import took 0.035986 seconds .

========================================================================
Received Import Request.
  Time since last request: 0.000531 seconds.
  path: Assets/ClientView/Scenes/Test/TestScene.unity
  artifactKey: Guid(45c3836ff60e6184f9569038ab3176c2) Importer(815301076,1909f56bfc062723c751e8b465ee728b)
Start importing Assets/ClientView/Scenes/Test/TestScene.unity using Guid(45c3836ff60e6184f9569038ab3176c2) Importer(815301076,1909f56bfc062723c751e8b465ee728b)  -> (artifact id: 'dee156286228f13359d73394d0e25c0d') in 0.011782 seconds 
  Import took 0.019322 seconds .

========================================================================
Received Import Request.
  Time since last request: 5.315174 seconds.
  path: Assets/ClientView/DB/GameAssetsDB.asset
  artifactKey: Guid(ec2f263c118b1204e98e9c407134c7c8) Importer(815301076,1909f56bfc062723c751e8b465ee728b)
Start importing Assets/ClientView/DB/GameAssetsDB.asset using Guid(ec2f263c118b1204e98e9c407134c7c8) Importer(815301076,1909f56bfc062723c751e8b465ee728b) Serialization depth limit 10 exceeded at 'SecuredSpace.UnityExtend::SerializableDictionary`2.dictionary'. There may be an object composition cycle in one or more of your serialized classes.

Serialization hierarchy:
11: SecuredSpace.UnityExtend::SerializableDictionary`2.dictionary
10: SecuredSpace.ClientControl.DBResources::ResourceFileSystemObject.childContent
9: SecuredSpace.UnityExtend::DictionaryNode`2.value
8: SecuredSpace.UnityExtend::SerializableDictionary`2.dictionary
7: SecuredSpace.ClientControl.DBResources::ResourceFileSystemObject.childContent
6: SecuredSpace.UnityExtend::DictionaryNode`2.value
5: SecuredSpace.UnityExtend::SerializableDictionary`2.dictionary
4: SecuredSpace.ClientControl.DBResources::ResourceFileSystemObject.childContent
3: SecuredSpace.UnityExtend::DictionaryNode`2.value
2: SecuredSpace.UnityExtend::SerializableDictionary`2.dictionary
1: SecuredSpace.ClientControl.DBResources::ResourceFileSystemObject.childContent
0: SecuredSpace.ClientControl.DBResources::ResourceManager.rootDirectory
Serialization depth limit 10 exceeded at 'SecuredSpace.UnityExtend::SerializableDictionary`2.dictionary'. There may be an object composition cycle in one or more of your serialized classes.

Serialization hierarchy:
11: SecuredSpace.UnityExtend::SerializableDictionary`2.dictionary
10: SecuredSpace.ClientControl.DBResources::ResourceFileSystemObject.childContent
9: SecuredSpace.UnityExtend::DictionaryNode`2.value
8: SecuredSpace.UnityExtend::SerializableDictionary`2.dictionary
7: SecuredSpace.ClientControl.DBResources::ResourceFileSystemObject.childContent
6: SecuredSpace.UnityExtend::DictionaryNode`2.value
5: SecuredSpace.UnityExtend::SerializableDictionary`2.dictionary
4: SecuredSpace.ClientControl.DBResources::ResourceFileSystemObject.childContent
3: SecuredSpace.UnityExtend::DictionaryNode`2.value
2: SecuredSpace.UnityExtend::SerializableDictionary`2.dictionary
1: SecuredSpace.ClientControl.DBResources::ResourceFileSystemObject.childContent
0: SecuredSpace.UnityExtend::DictionaryNode`2.value
 -> (artifact id: 'cc97015209fbc239ed70c5edc075b6be') in 5.822834 seconds 
  Import took 7.062839 seconds .

========================================================================
Received Import Request.
  Time since last request: 0.000385 seconds.
  path: Assets/ClientView/DB/ResourceDB.prefab
  artifactKey: Guid(dd5c083ad150e3741a6675edaf3dcea3) Importer(815301076,1909f56bfc062723c751e8b465ee728b)
Start importing Assets/ClientView/DB/ResourceDB.prefab using Guid(dd5c083ad150e3741a6675edaf3dcea3) Importer(815301076,1909f56bfc062723c751e8b465ee728b)  -> (artifact id: 'adccb082d7f87aade834b2d5c5b09460') in 9.153794 seconds 
  Import took 10.529612 seconds .

========================================================================
Received Prepare
Refreshing native plugins compatible for Editor in 7.33 ms, found 2 plugins.
Preloading 0 native plugins for Editor in 0.00 ms.
Unloading 13 Unused Serialized files (Serialized files now loaded: 0)
System memory in use before: 230.9 MB.
System memory in use after: 230.9 MB.

Unloading 25 unused Assets to reduce memory usage. Loaded Objects now: 3113.
Total: 6.614700 ms (FindLiveObjects: 0.420000 ms CreateObjectMapping: 0.219100 ms MarkObjects: 5.746300 ms  DeleteObjects: 0.227400 ms)

AssetImportParameters requested are different than current active one (requested -> active):
  custom:framework-win-MediaFoundation: 216162199b28c13a410421893ffa2e32 -> 
  custom:video-decoder-ogg-theora: a1e56fd34408186e4bbccfd4996cb3dc -> 
  custom:container-muxer-webm: aa71ff27fc2769a1b78a27578f13a17b -> 
  custom:container-demuxer-webm: 4f35f7cbe854078d1ac9338744f61a02 -> 
  custom:container-demuxer-ogg: 62fdf1f143b41e24485cea50d1cbac27 -> 
  custom:video-encoder-webm-vp8: eb34c28f22e8b96e1ab97ce403110664 -> 
  custom:video-decoder-webm-vp8: 9c59270c3fd7afecdb556c50c9e8de78 -> 
  custom:audio-decoder-ogg-vorbis: bf7c407c2cedff20999df2af8eb42d56 -> 
  custom:audio-encoder-webm-vorbis: bf7c407c2cedff20999df2af8eb42d56 -> 
========================================================================
Received Import Request.
  Time since last request: 1.026344 seconds.
  path: Assets/ClientView/Scripts/Services/InitServices.cs
  artifactKey: Guid(3dd119a95c5185f46815638e42b2b0e6) Importer(815301076,1909f56bfc062723c751e8b465ee728b)
Start importing Assets/ClientView/Scripts/Services/InitServices.cs using Guid(3dd119a95c5185f46815638e42b2b0e6) Importer(815301076,1909f56bfc062723c751e8b465ee728b)  -> (artifact id: '92fcb1019ba4f76318e1e8283b431dcc') in 0.014729 seconds 
  Import took 0.024406 seconds .

========================================================================
Received Prepare
Registering precompiled user dll's ...
Registered in 0.008178 seconds.
Begin MonoManager ReloadAssembly
Native extension for LinuxStandalone target not found
Native extension for WindowsStandalone target not found
Native extension for WebGL target not found
Refreshing native plugins compatible for Editor in 5.80 ms, found 2 plugins.
Preloading 0 native plugins for Editor in 0.00 ms.
Mono: successfully reloaded assembly
- Completed reload, in  2.549 seconds
Domain Reload Profiling:
	ReloadAssembly (2549ms)
		BeginReloadAssembly (189ms)
			ExecutionOrderSort (0ms)
			DisableScriptedObjects (8ms)
			BackupInstance (0ms)
			ReleaseScriptingObjects (0ms)
			CreateAndSetChildDomain (63ms)
		EndReloadAssembly (2234ms)
			LoadAssemblies (166ms)
			RebuildTransferFunctionScriptingTraits (0ms)
			SetupTypeCache (645ms)
			ReleaseScriptCaches (1ms)
			RebuildScriptCaches (93ms)
			SetupLoadedEditorAssemblies (1069ms)
				LogAssemblyErrors (0ms)
				InitializePlatformSupportModulesInManaged (17ms)
				SetLoadedEditorAssemblies (1ms)
				RefreshPlugins (6ms)
				BeforeProcessingInitializeOnLoad (259ms)
				ProcessInitializeOnLoadAttributes (757ms)
				ProcessInitializeOnLoadMethodAttributes (22ms)
				AfterProcessingInitializeOnLoad (7ms)
				EditorAssembliesLoaded (1ms)
			ExecutionOrderSort2 (0ms)
			AwakeInstancesAfterBackupRestoration (20ms)
Platform modules already initialized, skipping
Refreshing native plugins compatible for Editor in 5.07 ms, found 2 plugins.
Preloading 0 native plugins for Editor in 0.00 ms.
Unloading 2555 Unused Serialized files (Serialized files now loaded: 0)
System memory in use before: 274.1 MB.
System memory in use after: 274.3 MB.

Unloading 16 unused Assets to reduce memory usage. Loaded Objects now: 3115.
Total: 8.713000 ms (FindLiveObjects: 0.598600 ms CreateObjectMapping: 0.392300 ms MarkObjects: 7.679300 ms  DeleteObjects: 0.040400 ms)

AssetImportParameters requested are different than current active one (requested -> active):
  custom:framework-win-MediaFoundation: 216162199b28c13a410421893ffa2e32 -> 
  custom:video-decoder-ogg-theora: a1e56fd34408186e4bbccfd4996cb3dc -> 
  custom:container-muxer-webm: aa71ff27fc2769a1b78a27578f13a17b -> 
  custom:container-demuxer-webm: 4f35f7cbe854078d1ac9338744f61a02 -> 
  custom:container-demuxer-ogg: 62fdf1f143b41e24485cea50d1cbac27 -> 
  custom:video-encoder-webm-vp8: eb34c28f22e8b96e1ab97ce403110664 -> 
  custom:video-decoder-webm-vp8: 9c59270c3fd7afecdb556c50c9e8de78 -> 
  custom:audio-decoder-ogg-vorbis: bf7c407c2cedff20999df2af8eb42d56 -> 
  custom:audio-encoder-webm-vorbis: bf7c407c2cedff20999df2af8eb42d56 -> 
========================================================================
Received Prepare
Registering precompiled user dll's ...
Registered in 0.014736 seconds.
Begin MonoManager ReloadAssembly
Native extension for LinuxStandalone target not found
Native extension for WindowsStandalone target not found
Native extension for WebGL target not found
Refreshing native plugins compatible for Editor in 6.50 ms, found 2 plugins.
Preloading 0 native plugins for Editor in 0.00 ms.
Mono: successfully reloaded assembly
- Completed reload, in  2.482 seconds
Domain Reload Profiling:
	ReloadAssembly (2483ms)
		BeginReloadAssembly (253ms)
			ExecutionOrderSort (0ms)
			DisableScriptedObjects (11ms)
			BackupInstance (0ms)
			ReleaseScriptingObjects (0ms)
			CreateAndSetChildDomain (85ms)
		EndReloadAssembly (2109ms)
			LoadAssemblies (198ms)
			RebuildTransferFunctionScriptingTraits (0ms)
			SetupTypeCache (653ms)
			ReleaseScriptCaches (1ms)
			RebuildScriptCaches (88ms)
			SetupLoadedEditorAssemblies (976ms)
				LogAssemblyErrors (0ms)
				InitializePlatformSupportModulesInManaged (17ms)
				SetLoadedEditorAssemblies (1ms)
				RefreshPlugins (7ms)
				BeforeProcessingInitializeOnLoad (256ms)
				ProcessInitializeOnLoadAttributes (671ms)
				ProcessInitializeOnLoadMethodAttributes (19ms)
				AfterProcessingInitializeOnLoad (4ms)
				EditorAssembliesLoaded (1ms)
			ExecutionOrderSort2 (0ms)
			AwakeInstancesAfterBackupRestoration (13ms)
Platform modules already initialized, skipping
Refreshing native plugins compatible for Editor in 4.60 ms, found 2 plugins.
Preloading 0 native plugins for Editor in 0.00 ms.
Unloading 2555 Unused Serialized files (Serialized files now loaded: 0)
System memory in use before: 274.1 MB.
System memory in use after: 274.3 MB.

Unloading 16 unused Assets to reduce memory usage. Loaded Objects now: 3117.
Total: 5.544600 ms (FindLiveObjects: 0.438400 ms CreateObjectMapping: 0.294000 ms MarkObjects: 4.768900 ms  DeleteObjects: 0.041100 ms)

AssetImportParameters requested are different than current active one (requested -> active):
  custom:framework-win-MediaFoundation: 216162199b28c13a410421893ffa2e32 -> 
  custom:video-decoder-ogg-theora: a1e56fd34408186e4bbccfd4996cb3dc -> 
  custom:container-muxer-webm: aa71ff27fc2769a1b78a27578f13a17b -> 
  custom:container-demuxer-webm: 4f35f7cbe854078d1ac9338744f61a02 -> 
  custom:container-demuxer-ogg: 62fdf1f143b41e24485cea50d1cbac27 -> 
  custom:video-encoder-webm-vp8: eb34c28f22e8b96e1ab97ce403110664 -> 
  custom:video-decoder-webm-vp8: 9c59270c3fd7afecdb556c50c9e8de78 -> 
  custom:audio-decoder-ogg-vorbis: bf7c407c2cedff20999df2af8eb42d56 -> 
  custom:audio-encoder-webm-vorbis: bf7c407c2cedff20999df2af8eb42d56 -> 
